15-Oct-2024 13:30:55.526 SEVERE [http-nio-8082-exec-1] org.apache.catalina.core.StandardWrapperValve.invoke Servlet.service() for servlet [Jersey Web Application] in context with path [/ims] threw exception [jakarta.ws.rs.ProcessingException: Error deserializing object from entity stream.] with root cause
	java.time.format.DateTimeParseException: Text '14-9-2024' could not be parsed at index 3
		at java.base/java.time.format.DateTimeFormatter.parseResolved0(DateTimeFormatter.java:2108)
		at java.base/java.time.format.DateTimeFormatter.parse(DateTimeFormatter.java:2010)
		at java.base/java.time.LocalDate.parse(LocalDate.java:435)
		at org.eclipse.yasson.internal.deserializer.types.SqlDateDeserializer.parseWithFormatter(SqlDateDeserializer.java:58)
		at org.eclipse.yasson.internal.deserializer.types.SqlDateDeserializer.parseWithFormatter(SqlDateDeserializer.java:31)
		at org.eclipse.yasson.internal.deserializer.types.AbstractDateDeserializer.parseWithFormatterInternal(AbstractDateDeserializer.java:123)
		at org.eclipse.yasson.internal.deserializer.types.AbstractDateDeserializer.lambda$actualDeserializer$1(AbstractDateDeserializer.java:60)
		at org.eclipse.yasson.internal.deserializer.types.AbstractDateDeserializer.deserializeStringValue(AbstractDateDeserializer.java:90)
		at org.eclipse.yasson.internal.deserializer.types.SqlDateDeserializer.deserializeStringValue(SqlDateDeserializer.java:31)
		at org.eclipse.yasson.internal.deserializer.types.TypeDeserializer.deserialize(TypeDeserializer.java:37)
		at org.eclipse.yasson.internal.deserializer.ValueExtractor.deserialize(ValueExtractor.java:47)
		at org.eclipse.yasson.internal.deserializer.ValueExtractor.deserialize(ValueExtractor.java:24)
		at org.eclipse.yasson.internal.deserializer.PositionChecker.deserialize(PositionChecker.java:85)
		at org.eclipse.yasson.internal.deserializer.PositionChecker.deserialize(PositionChecker.java:34)
		at org.eclipse.yasson.internal.deserializer.NullCheckDeserializer.deserialize(NullCheckDeserializer.java:46)
		at org.eclipse.yasson.internal.deserializer.NullCheckDeserializer.deserialize(NullCheckDeserializer.java:26)
		at org.eclipse.yasson.internal.deserializer.ObjectDeserializer.deserialize(ObjectDeserializer.java:78)
		at org.eclipse.yasson.internal.deserializer.ObjectDeserializer.deserialize(ObjectDeserializer.java:31)
		at org.eclipse.yasson.internal.deserializer.DefaultObjectInstanceCreator.deserialize(DefaultObjectInstanceCreator.java:57)
		at org.eclipse.yasson.internal.deserializer.DefaultObjectInstanceCreator.deserialize(DefaultObjectInstanceCreator.java:29)
		at org.eclipse.yasson.internal.deserializer.PositionChecker.deserialize(PositionChecker.java:85)
		at org.eclipse.yasson.internal.deserializer.PositionChecker.deserialize(PositionChecker.java:34)
		at org.eclipse.yasson.internal.deserializer.NullCheckDeserializer.deserialize(NullCheckDeserializer.java:46)
		at org.eclipse.yasson.internal.deserializer.NullCheckDeserializer.deserialize(NullCheckDeserializer.java:26)
		at org.eclipse.yasson.internal.deserializer.ContextSwitcher.deserialize(ContextSwitcher.java:36)
		at org.eclipse.yasson.internal.deserializer.ContextSwitcher.deserialize(ContextSwitcher.java:22)
		at org.eclipse.yasson.internal.deserializer.CollectionDeserializer.deserialize(CollectionDeserializer.java:49)
		at org.eclipse.yasson.internal.deserializer.CollectionInstanceCreator.deserialize(CollectionInstanceCreator.java:61)
		at org.eclipse.yasson.internal.deserializer.CollectionInstanceCreator.deserialize(CollectionInstanceCreator.java:37)
		at org.eclipse.yasson.internal.deserializer.PositionChecker.deserialize(PositionChecker.java:85)
		at org.eclipse.yasson.internal.deserializer.PositionChecker.deserialize(PositionChecker.java:34)
		at org.eclipse.yasson.internal.deserializer.NullCheckDeserializer.deserialize(NullCheckDeserializer.java:46)
		at org.eclipse.yasson.internal.deserializer.NullCheckDeserializer.deserialize(NullCheckDeserializer.java:26)
		at org.eclipse.yasson.internal.deserializer.ContextSwitcher.deserialize(ContextSwitcher.java:36)
		at org.eclipse.yasson.internal.deserializer.ContextSwitcher.deserialize(ContextSwitcher.java:22)
		at org.eclipse.yasson.internal.deserializer.ObjectDeserializer.deserialize(ObjectDeserializer.java:78)
		at org.eclipse.yasson.internal.deserializer.ObjectDeserializer.deserialize(ObjectDeserializer.java:31)
		at org.eclipse.yasson.internal.deserializer.DefaultObjectInstanceCreator.deserialize(DefaultObjectInstanceCreator.java:57)
		at org.eclipse.yasson.internal.deserializer.DefaultObjectInstanceCreator.deserialize(DefaultObjectInstanceCreator.java:29)
		at org.eclipse.yasson.internal.deserializer.PositionChecker.deserialize(PositionChecker.java:85)
		at org.eclipse.yasson.internal.deserializer.PositionChecker.deserialize(PositionChecker.java:34)
		at org.eclipse.yasson.internal.deserializer.NullCheckDeserializer.deserialize(NullCheckDeserializer.java:46)
		at org.eclipse.yasson.internal.deserializer.NullCheckDeserializer.deserialize(NullCheckDeserializer.java:26)
		at org.eclipse.yasson.internal.DeserializationContextImpl.deserializeItem(DeserializationContextImpl.java:138)
		at org.eclipse.yasson.internal.DeserializationContextImpl.deserialize(DeserializationContextImpl.java:127)
		at org.eclipse.yasson.internal.JsonBinding.deserialize(JsonBinding.java:55)
		at org.eclipse.yasson.internal.JsonBinding.fromJson(JsonBinding.java:102)
		at org.glassfish.jersey.jsonb.internal.JsonBindingProvider.readFrom(JsonBindingProvider.java:91)
		at org.glassfish.jersey.message.internal.ReaderInterceptorExecutor$TerminalReaderInterceptor.invokeReadFrom(ReaderInterceptorExecutor.java:235)
		at org.glassfish.jersey.message.internal.ReaderInterceptorExecutor$TerminalReaderInterceptor.aroundReadFrom(ReaderInterceptorExecutor.java:214)
		at org.glassfish.jersey.message.internal.ReaderInterceptorExecutor.proceed(ReaderInterceptorExecutor.java:134)
		at org.glassfish.jersey.server.internal.MappableExceptionWrapperInterceptor.aroundReadFrom(MappableExceptionWrapperInterceptor.java:49)
		at org.glassfish.jersey.message.internal.ReaderInterceptorExecutor.proceed(ReaderInterceptorExecutor.java:134)
		at org.glassfish.jersey.message.internal.MessageBodyFactory.readFrom(MessageBodyFactory.java:1074)
		at org.glassfish.jersey.message.internal.InboundMessageContext.readEntity(InboundMessageContext.java:657)
		at org.glassfish.jersey.server.ContainerRequest.readEntity(ContainerRequest.java:290)
		at org.glassfish.jersey.server.internal.inject.EntityParamValueParamProvider$EntityValueSupplier.apply(EntityParamValueParamProvider.java:73)
		at org.glassfish.jersey.server.internal.inject.EntityParamValueParamProvider$EntityValueSupplier.apply(EntityParamValueParamProvider.java:56)
		at org.glassfish.jersey.server.spi.internal.ParamValueFactoryWithSource.apply(ParamValueFactoryWithSource.java:50)
		at org.glassfish.jersey.server.spi.internal.ParameterValueHelper.getParameterValues(ParameterValueHelper.java:68)
		at org.glassfish.jersey.server.model.internal.JavaResourceMethodDispatcherProvider$AbstractMethodParamInvoker.getParamValues(JavaResourceMethodDispatcherProvider.java:109)
		at org.glassfish.jersey.server.model.internal.JavaResourceMethodDispatcherProvider$ResponseOutInvoker.doDispatch(JavaResourceMethodDispatcherProvider.java:176)
		at org.glassfish.jersey.server.model.internal.AbstractJavaResourceMethodDispatcher.dispatch(AbstractJavaResourceMethodDispatcher.java:93)
		at org.glassfish.jersey.server.model.ResourceMethodInvoker.invoke(ResourceMethodInvoker.java:478)
		at org.glassfish.jersey.server.model.ResourceMethodInvoker.apply(ResourceMethodInvoker.java:400)
		at org.glassfish.jersey.server.model.ResourceMethodInvoker.apply(ResourceMethodInvoker.java:81)
		at org.glassfish.jersey.server.ServerRuntime$1.run(ServerRuntime.java:263)
		at org.glassfish.jersey.internal.Errors$1.call(Errors.java:248)
		at org.glassfish.jersey.internal.Errors$1.call(Errors.java:244)
		at org.glassfish.jersey.internal.Errors.process(Errors.java:292)
		at org.glassfish.jersey.internal.Errors.process(Errors.java:274)
		at org.glassfish.jersey.internal.Errors.process(Errors.java:244)
		at org.glassfish.jersey.process.internal.RequestScope.runInScope(RequestScope.java:266)
		at org.glassfish.jersey.server.ServerRuntime.process(ServerRuntime.java:242)
		at org.glassfish.jersey.server.ApplicationHandler.handle(ApplicationHandler.java:704)
		at org.glassfish.jersey.servlet.WebComponent.serviceImpl(WebComponent.java:420)
		at org.glassfish.jersey.servlet.WebComponent.service(WebComponent.java:372)
		at org.glassfish.jersey.servlet.ServletContainer.service(ServletContainer.java:358)
		at org.glassfish.jersey.servlet.ServletContainer.service(ServletContainer.java:312)
		at org.glassfish.jersey.servlet.ServletContainer.service(ServletContainer.java:205)
		at org.apache.catalina.core.ApplicationFilterChain.internalDoFilter(ApplicationFilterChain.java:195)
		at org.apache.catalina.core.ApplicationFilterChain.doFilter(ApplicationFilterChain.java:140)
		at org.apache.tomcat.websocket.server.WsFilter.doFilter(WsFilter.java:51)
		at org.apache.catalina.core.ApplicationFilterChain.internalDoFilter(ApplicationFilterChain.java:164)
		at org.apache.catalina.core.ApplicationFilterChain.doFilter(ApplicationFilterChain.java:140)
		at org.apache.catalina.core.StandardWrapperValve.invoke(StandardWrapperValve.java:167)
		at org.apache.catalina.core.StandardContextValve.invoke(StandardContextValve.java:90)
		at org.apache.catalina.authenticator.AuthenticatorBase.invoke(AuthenticatorBase.java:483)
		at org.apache.catalina.core.StandardHostValve.invoke(StandardHostValve.java:115)
		at org.apache.catalina.valves.ErrorReportValve.invoke(ErrorReportValve.java:93)
		at org.apache.catalina.valves.AbstractAccessLogValve.invoke(AbstractAccessLogValve.java:663)
		at org.apache.catalina.core.StandardEngineValve.invoke(StandardEngineValve.java:74)
		at org.apache.catalina.connector.CoyoteAdapter.service(CoyoteAdapter.java:344)
		at org.apache.coyote.http11.Http11Processor.service(Http11Processor.java:384)
		at org.apache.coyote.AbstractProcessorLight.process(AbstractProcessorLight.java:63)
		at org.apache.coyote.AbstractProtocol$ConnectionHandler.process(AbstractProtocol.java:905)
		at org.apache.tomcat.util.net.NioEndpoint$SocketProcessor.doRun(NioEndpoint.java:1741)
		at org.apache.tomcat.util.net.SocketProcessorBase.run(SocketProcessorBase.java:52)
		at org.apache.tomcat.util.threads.ThreadPoolExecutor.runWorker(ThreadPoolExecutor.java:1190)
		at org.apache.tomcat.util.threads.ThreadPoolExecutor$Worker.run(ThreadPoolExecutor.java:659)
		at org.apache.tomcat.util.threads.TaskThread$WrappingRunnable.run(TaskThread.java:63)
		at java.base/java.lang.Thread.run(Thread.java:1575)
